<?xml version="1.0" encoding="UTF-8"?>
<Site BuildName="(empty)"
	BuildStamp="20240710-0753-Experimental"
	Name="Flip-CZ"
	Generator="ctest-3.22.1"
	CompilerName="/usr/bin/c++"
	CompilerVersion="11.4.0"
	OSName="Linux"
	Hostname="Flip-CZ"
	OSRelease="5.15.153.1-microsoft-standard-WSL2"
	OSVersion="#1 SMP Fri Mar 29 23:14:13 UTC 2024"
	OSPlatform="x86_64"
	Is64Bits="1"
	VendorString="GenuineIntel"
	VendorID="Intel Corporation"
	FamilyID="6"
	ModelID="186"
	ProcessorCacheSize="24576"
	NumberOfLogicalCPU="20"
	NumberOfPhysicalCPU="10"
	TotalVirtualMemory="2048"
	TotalPhysicalMemory="7752"
	LogicalProcessorsPerPhysical="2"
	ProcessorClockFrequency="2995.18"
	>
	<Testing>
		<StartDateTime>Jul 10 09:53 CEST</StartDateTime>
		<StartTestTime>1720598005</StartTestTime>
		<TestList/>
		<EndDateTime>Jul 10 09:53 CEST</EndDateTime>
		<EndTestTime>1720598005</EndTestTime>
		<ElapsedMinutes>0</ElapsedMinutes>
	</Testing>
</Site>
